Build started 2/28/2015 1:14:43 PM.
     1>Project "C:\Users\Lai ling Yi\Documents\GitHub\CE2_TDD\TextBuddy++\TBtest\TBtest.vcxproj" on node 2 (Build target(s)).
     1>ClCompile:
         C:\Program Files\Microsoft Visual Studio 11.0\VC\bin\CL.exe /c /I"C:\Users\Lai ling Yi\Documents\CS2103\TextBuddy++" /I"C:\Program Files\Microsoft Visual Studio 11.0\VC\UnitTest\include" /ZI /nologo /W3 /WX- /Od /Oy- /D WIN32 /D _DEBUG /D _WINDLL /D _UNICODE /D UNICODE /Gm /EHsc /RTC1 /MDd /GS /fp:precise /Zc:wchar_t /Zc:forScope /Yu"stdafx.h" /Fp"Debug\TBtest.pch" /Fo"Debug\\" /Fd"Debug\vc110.pdb" /Gd /TP /analyze- /FC /errorReport:prompt TBtest.cpp
         TBtest.cpp
     1>c:\users\lai ling yi\documents\github\ce2_tdd\textbuddy++\tbtest\tbtest.cpp(55): error C2039: 'MESSAGE_ALL_SORTED' : is not a member of 'TextBuddy'
                 c:\users\lai ling yi\documents\cs2103\textbuddy++\tb++.h(12) : see declaration of 'TextBuddy'
     1>Done Building Project "C:\Users\Lai ling Yi\Documents\GitHub\CE2_TDD\TextBuddy++\TBtest\TBtest.vcxproj" (Build target(s)) -- FAILED.

Build FAILED.

Time Elapsed 00:00:01.30
